<?xml version="1.0" encoding="UTF-8"?>
<coverage generated="1728976586366" clover="3.2.0">
  <project timestamp="1728976586367" name="All files">
    <metrics statements="61" coveredstatements="59" conditionals="10" coveredconditionals="8" methods="21" coveredmethods="21" elements="92" coveredelements="88" complexity="0" loc="61" ncloc="61" packages="5" files="19" classes="19"/>
    <package name="assets">
      <metrics statements="1" coveredstatements="1" conditionals="0" coveredconditionals="0" methods="0" coveredmethods="0"/>
      <file name="country.png" path="D:\DevProjects\AccountRegistration\AccountRegistration\assets\country.png">
        <metrics statements="1" coveredstatements="1" conditionals="0" coveredconditionals="0" methods="0" coveredmethods="0"/>
        <line num="1" count="1" type="stmt"/>
      </file>
    </package>
    <package name="assets.flags">
      <metrics statements="12" coveredstatements="12" conditionals="0" coveredconditionals="0" methods="0" coveredmethods="0"/>
      <file name="afghanistan.png" path="D:\DevProjects\AccountRegistration\AccountRegistration\assets\flags\afghanistan.png">
        <metrics statements="1" coveredstatements="1" conditionals="0" coveredconditionals="0" methods="0" coveredmethods="0"/>
        <line num="1" count="2" type="stmt"/>
      </file>
      <file name="argentina.png" path="D:\DevProjects\AccountRegistration\AccountRegistration\assets\flags\argentina.png">
        <metrics statements="1" coveredstatements="1" conditionals="0" coveredconditionals="0" methods="0" coveredmethods="0"/>
        <line num="1" count="2" type="stmt"/>
      </file>
      <file name="denmark.png" path="D:\DevProjects\AccountRegistration\AccountRegistration\assets\flags\denmark.png">
        <metrics statements="1" coveredstatements="1" conditionals="0" coveredconditionals="0" methods="0" coveredmethods="0"/>
        <line num="1" count="1" type="stmt"/>
      </file>
      <file name="germany.png" path="D:\DevProjects\AccountRegistration\AccountRegistration\assets\flags\germany.png">
        <metrics statements="1" coveredstatements="1" conditionals="0" coveredconditionals="0" methods="0" coveredmethods="0"/>
        <line num="1" count="1" type="stmt"/>
      </file>
      <file name="india.png" path="D:\DevProjects\AccountRegistration\AccountRegistration\assets\flags\india.png">
        <metrics statements="1" coveredstatements="1" conditionals="0" coveredconditionals="0" methods="0" coveredmethods="0"/>
        <line num="1" count="1" type="stmt"/>
      </file>
      <file name="italy.png" path="D:\DevProjects\AccountRegistration\AccountRegistration\assets\flags\italy.png">
        <metrics statements="1" coveredstatements="1" conditionals="0" coveredconditionals="0" methods="0" coveredmethods="0"/>
        <line num="1" count="1" type="stmt"/>
      </file>
      <file name="jordan.png" path="D:\DevProjects\AccountRegistration\AccountRegistration\assets\flags\jordan.png">
        <metrics statements="1" coveredstatements="1" conditionals="0" coveredconditionals="0" methods="0" coveredmethods="0"/>
        <line num="1" count="1" type="stmt"/>
      </file>
      <file name="malaysia.png" path="D:\DevProjects\AccountRegistration\AccountRegistration\assets\flags\malaysia.png">
        <metrics statements="1" coveredstatements="1" conditionals="0" coveredconditionals="0" methods="0" coveredmethods="0"/>
        <line num="1" count="1" type="stmt"/>
      </file>
      <file name="pakistan.png" path="D:\DevProjects\AccountRegistration\AccountRegistration\assets\flags\pakistan.png">
        <metrics statements="1" coveredstatements="1" conditionals="0" coveredconditionals="0" methods="0" coveredmethods="0"/>
        <line num="1" count="1" type="stmt"/>
      </file>
      <file name="srilanka.png" path="D:\DevProjects\AccountRegistration\AccountRegistration\assets\flags\srilanka.png">
        <metrics statements="1" coveredstatements="1" conditionals="0" coveredconditionals="0" methods="0" coveredmethods="0"/>
        <line num="1" count="1" type="stmt"/>
      </file>
      <file name="switzerland.png" path="D:\DevProjects\AccountRegistration\AccountRegistration\assets\flags\switzerland.png">
        <metrics statements="1" coveredstatements="1" conditionals="0" coveredconditionals="0" methods="0" coveredmethods="0"/>
        <line num="1" count="1" type="stmt"/>
      </file>
      <file name="us.png" path="D:\DevProjects\AccountRegistration\AccountRegistration\assets\flags\us.png">
        <metrics statements="1" coveredstatements="1" conditionals="0" coveredconditionals="0" methods="0" coveredmethods="0"/>
        <line num="1" count="3" type="stmt"/>
      </file>
    </package>
    <package name="src.components">
      <metrics statements="40" coveredstatements="38" conditionals="10" coveredconditionals="8" methods="13" coveredmethods="13"/>
      <file name="CountrySelect.tsx" path="D:\DevProjects\AccountRegistration\AccountRegistration\src\components\CountrySelect.tsx">
        <metrics statements="29" coveredstatements="27" conditionals="6" coveredconditionals="5" methods="9" coveredmethods="9"/>
        <line num="11" count="1" type="stmt"/>
        <line num="12" count="5" type="stmt"/>
        <line num="13" count="5" type="stmt"/>
        <line num="14" count="5" type="stmt"/>
        <line num="15" count="5" type="stmt"/>
        <line num="17" count="5" type="stmt"/>
        <line num="19" count="5" type="stmt"/>
        <line num="20" count="1" type="stmt"/>
        <line num="21" count="1" type="stmt"/>
        <line num="22" count="1" type="stmt"/>
        <line num="23" count="1" type="cond" truecount="1" falsecount="1"/>
        <line num="24" count="1" type="stmt"/>
        <line num="26" count="0" type="stmt"/>
        <line num="29" count="0" type="stmt"/>
        <line num="31" count="1" type="stmt"/>
        <line num="35" count="1" type="stmt"/>
        <line num="38" count="5" type="stmt"/>
        <line num="39" count="12" type="stmt"/>
        <line num="42" count="5" type="stmt"/>
        <line num="43" count="1" type="stmt"/>
        <line num="44" count="1" type="stmt"/>
        <line num="45" count="1" type="stmt"/>
        <line num="48" count="5" type="cond" truecount="2" falsecount="0"/>
        <line num="49" count="2" type="stmt"/>
        <line num="52" count="3" type="stmt"/>
        <line num="66" count="7" type="stmt"/>
        <line num="68" count="5" type="stmt"/>
        <line num="76" count="2" type="stmt"/>
        <line num="82" count="1" type="stmt"/>
      </file>
      <file name="CountrySelectionModal.tsx" path="D:\DevProjects\AccountRegistration\AccountRegistration\src\components\CountrySelectionModal.tsx">
        <metrics statements="5" coveredstatements="5" conditionals="0" coveredconditionals="0" methods="2" coveredmethods="2"/>
        <line num="13" count="1" type="stmt"/>
        <line num="14" count="3" type="stmt"/>
        <line num="15" count="3" type="stmt"/>
        <line num="18" count="3" type="stmt"/>
        <line num="40" count="1" type="stmt"/>
      </file>
      <file name="FormInput.tsx" path="D:\DevProjects\AccountRegistration\AccountRegistration\src\components\FormInput.tsx">
        <metrics statements="6" coveredstatements="6" conditionals="4" coveredconditionals="3" methods="2" coveredmethods="2"/>
        <line num="14" count="1" type="stmt"/>
        <line num="22" count="2" type="stmt"/>
        <line num="30" count="1" type="stmt"/>
        <line num="31" count="1" type="cond" truecount="1" falsecount="1"/>
        <line num="32" count="1" type="stmt"/>
        <line num="42" count="1" type="stmt"/>
      </file>
    </package>
    <package name="src.services">
      <metrics statements="7" coveredstatements="7" conditionals="0" coveredconditionals="0" methods="8" coveredmethods="8"/>
      <file name="CountryService.ts" path="D:\DevProjects\AccountRegistration\AccountRegistration\src\services\CountryService.ts">
        <metrics statements="4" coveredstatements="4" conditionals="0" coveredconditionals="0" methods="3" coveredmethods="3"/>
        <line num="6" count="3" type="stmt"/>
        <line num="25" count="1" type="stmt"/>
        <line num="30" count="13" type="stmt"/>
        <line num="31" count="2" type="stmt"/>
      </file>
      <file name="OTPService.ts" path="D:\DevProjects\AccountRegistration\AccountRegistration\src\services\OTPService.ts">
        <metrics statements="3" coveredstatements="3" conditionals="0" coveredconditionals="0" methods="5" coveredmethods="5"/>
        <line num="6" count="1" type="stmt"/>
        <line num="10" count="3" type="stmt"/>
        <line num="11" count="3" type="stmt"/>
      </file>
    </package>
    <package name="src.styles">
      <metrics statements="1" coveredstatements="1" conditionals="0" coveredconditionals="0" methods="0" coveredmethods="0"/>
      <file name="styles.ts" path="D:\DevProjects\AccountRegistration\AccountRegistration\src\styles\styles.ts">
        <metrics statements="1" coveredstatements="1" conditionals="0" coveredconditionals="0" methods="0" coveredmethods="0"/>
        <line num="4" count="2" type="stmt"/>
      </file>
    </package>
  </project>
</coverage>
