{"D:\\DevProjects\\AccountRegistration\\AccountRegistration\\assets\\country.png": {"path":"D:\\DevProjects\\AccountRegistration\\AccountRegistration\\assets\\country.png","statementMap":{"0":{"start":{"line":1,"column":0},"end":{"line":4,"column":6}}},"fnMap":{},"branchMap":{},"s":{"0":1},"f":{},"b":{},"_coverageSchema":"1a1c01bbd47fc00a2c39e90264f33305004495a9","hash":"479fe39a345ae303269b1a1305d79e3a794f7de3"}
,"D:\\DevProjects\\AccountRegistration\\AccountRegistration\\assets\\flags\\afghanistan.png": {"path":"D:\\DevProjects\\AccountRegistration\\AccountRegistration\\assets\\flags\\afghanistan.png","statementMap":{"0":{"start":{"line":1,"column":0},"end":{"line":4,"column":6}}},"fnMap":{},"branchMap":{},"s":{"0":2},"f":{},"b":{},"_coverageSchema":"1a1c01bbd47fc00a2c39e90264f33305004495a9","hash":"7142cb5520eb3d02a3b9d560dc8da92c19b99036"}
,"D:\\DevProjects\\AccountRegistration\\AccountRegistration\\assets\\flags\\argentina.png": {"path":"D:\\DevProjects\\AccountRegistration\\AccountRegistration\\assets\\flags\\argentina.png","statementMap":{"0":{"start":{"line":1,"column":0},"end":{"line":4,"column":6}}},"fnMap":{},"branchMap":{},"s":{"0":2},"f":{},"b":{},"_coverageSchema":"1a1c01bbd47fc00a2c39e90264f33305004495a9","hash":"b06be7d8346117fcfc47585065229bf856a60240"}
,"D:\\DevProjects\\AccountRegistration\\AccountRegistration\\assets\\flags\\denmark.png": {"path":"D:\\DevProjects\\AccountRegistration\\AccountRegistration\\assets\\flags\\denmark.png","statementMap":{"0":{"start":{"line":1,"column":0},"end":{"line":4,"column":6}}},"fnMap":{},"branchMap":{},"s":{"0":1},"f":{},"b":{},"_coverageSchema":"1a1c01bbd47fc00a2c39e90264f33305004495a9","hash":"1f87c67c6a17ca7891adc7327751b0c5f146adcf"}
,"D:\\DevProjects\\AccountRegistration\\AccountRegistration\\assets\\flags\\germany.png": {"path":"D:\\DevProjects\\AccountRegistration\\AccountRegistration\\assets\\flags\\germany.png","statementMap":{"0":{"start":{"line":1,"column":0},"end":{"line":4,"column":6}}},"fnMap":{},"branchMap":{},"s":{"0":1},"f":{},"b":{},"_coverageSchema":"1a1c01bbd47fc00a2c39e90264f33305004495a9","hash":"1c54e25b5495413e66ba14d212ea323904fd734f"}
,"D:\\DevProjects\\AccountRegistration\\AccountRegistration\\assets\\flags\\india.png": {"path":"D:\\DevProjects\\AccountRegistration\\AccountRegistration\\assets\\flags\\india.png","statementMap":{"0":{"start":{"line":1,"column":0},"end":{"line":4,"column":6}}},"fnMap":{},"branchMap":{},"s":{"0":1},"f":{},"b":{},"_coverageSchema":"1a1c01bbd47fc00a2c39e90264f33305004495a9","hash":"dfdb3bd158a2b074be530ce01e1bbfce51fef6e7"}
,"D:\\DevProjects\\AccountRegistration\\AccountRegistration\\assets\\flags\\italy.png": {"path":"D:\\DevProjects\\AccountRegistration\\AccountRegistration\\assets\\flags\\italy.png","statementMap":{"0":{"start":{"line":1,"column":0},"end":{"line":4,"column":6}}},"fnMap":{},"branchMap":{},"s":{"0":1},"f":{},"b":{},"_coverageSchema":"1a1c01bbd47fc00a2c39e90264f33305004495a9","hash":"8c2f625e7cbaa64df8dd6f46650d71d995110927"}
,"D:\\DevProjects\\AccountRegistration\\AccountRegistration\\assets\\flags\\jordan.png": {"path":"D:\\DevProjects\\AccountRegistration\\AccountRegistration\\assets\\flags\\jordan.png","statementMap":{"0":{"start":{"line":1,"column":0},"end":{"line":4,"column":6}}},"fnMap":{},"branchMap":{},"s":{"0":1},"f":{},"b":{},"_coverageSchema":"1a1c01bbd47fc00a2c39e90264f33305004495a9","hash":"23e2ea868809518c41569604d6301fe3fd3d7f20"}
,"D:\\DevProjects\\AccountRegistration\\AccountRegistration\\assets\\flags\\malaysia.png": {"path":"D:\\DevProjects\\AccountRegistration\\AccountRegistration\\assets\\flags\\malaysia.png","statementMap":{"0":{"start":{"line":1,"column":0},"end":{"line":4,"column":6}}},"fnMap":{},"branchMap":{},"s":{"0":1},"f":{},"b":{},"_coverageSchema":"1a1c01bbd47fc00a2c39e90264f33305004495a9","hash":"231c3fb0ece39b787e4bd05ad7942b88e7bfdbdc"}
,"D:\\DevProjects\\AccountRegistration\\AccountRegistration\\assets\\flags\\pakistan.png": {"path":"D:\\DevProjects\\AccountRegistration\\AccountRegistration\\assets\\flags\\pakistan.png","statementMap":{"0":{"start":{"line":1,"column":0},"end":{"line":4,"column":6}}},"fnMap":{},"branchMap":{},"s":{"0":1},"f":{},"b":{},"_coverageSchema":"1a1c01bbd47fc00a2c39e90264f33305004495a9","hash":"7f4be5e4c217bfc47c60506e0a9fb2fb10c1d4bd"}
,"D:\\DevProjects\\AccountRegistration\\AccountRegistration\\assets\\flags\\srilanka.png": {"path":"D:\\DevProjects\\AccountRegistration\\AccountRegistration\\assets\\flags\\srilanka.png","statementMap":{"0":{"start":{"line":1,"column":0},"end":{"line":4,"column":6}}},"fnMap":{},"branchMap":{},"s":{"0":1},"f":{},"b":{},"_coverageSchema":"1a1c01bbd47fc00a2c39e90264f33305004495a9","hash":"b4b40330764ebe6d0ae1d6dd4919098fa08d3a40"}
,"D:\\DevProjects\\AccountRegistration\\AccountRegistration\\assets\\flags\\switzerland.png": {"path":"D:\\DevProjects\\AccountRegistration\\AccountRegistration\\assets\\flags\\switzerland.png","statementMap":{"0":{"start":{"line":1,"column":0},"end":{"line":4,"column":6}}},"fnMap":{},"branchMap":{},"s":{"0":1},"f":{},"b":{},"_coverageSchema":"1a1c01bbd47fc00a2c39e90264f33305004495a9","hash":"eb4fa93e0a278408f4772db74579426d6a67a32c"}
,"D:\\DevProjects\\AccountRegistration\\AccountRegistration\\assets\\flags\\us.png": {"path":"D:\\DevProjects\\AccountRegistration\\AccountRegistration\\assets\\flags\\us.png","statementMap":{"0":{"start":{"line":1,"column":0},"end":{"line":4,"column":6}}},"fnMap":{},"branchMap":{},"s":{"0":3},"f":{},"b":{},"_coverageSchema":"1a1c01bbd47fc00a2c39e90264f33305004495a9","hash":"9188ed00d088230847e1ab6e2a239be95ac91ee4"}
,"D:\\DevProjects\\AccountRegistration\\AccountRegistration\\src\\components\\CountrySelect.tsx": {"path":"D:\\DevProjects\\AccountRegistration\\AccountRegistration\\src\\components\\CountrySelect.tsx","statementMap":{"0":{"start":{"line":11,"column":74},"end":{"line":80,"column":1}},"1":{"start":{"line":12,"column":32},"end":{"line":12,"column":44}},"2":{"start":{"line":13,"column":38},"end":{"line":13,"column":61}},"3":{"start":{"line":14,"column":34},"end":{"line":14,"column":48}},"4":{"start":{"line":15,"column":50},"end":{"line":15,"column":80}},"5":{"start":{"line":17,"column":27},"end":{"line":17,"column":72}},"6":{"start":{"line":19,"column":4},"end":{"line":36,"column":11}},"7":{"start":{"line":20,"column":31},"end":{"line":33,"column":9}},"8":{"start":{"line":21,"column":12},"end":{"line":32,"column":13}},"9":{"start":{"line":22,"column":36},"end":{"line":22,"column":71}},"10":{"start":{"line":23,"column":16},"end":{"line":27,"column":17}},"11":{"start":{"line":24,"column":20},"end":{"line":24,"column":46}},"12":{"start":{"line":26,"column":20},"end":{"line":26,"column":61}},"13":{"start":{"line":29,"column":16},"end":{"line":29,"column":67}},"14":{"start":{"line":31,"column":16},"end":{"line":31,"column":34}},"15":{"start":{"line":35,"column":8},"end":{"line":35,"column":25}},"16":{"start":{"line":38,"column":30},"end":{"line":40,"column":5}},"17":{"start":{"line":39,"column":8},"end":{"line":39,"column":65}},"18":{"start":{"line":42,"column":25},"end":{"line":46,"column":5}},"19":{"start":{"line":43,"column":8},"end":{"line":43,"column":51}},"20":{"start":{"line":44,"column":8},"end":{"line":44,"column":36}},"21":{"start":{"line":45,"column":8},"end":{"line":45,"column":26}},"22":{"start":{"line":48,"column":4},"end":{"line":50,"column":5}},"23":{"start":{"line":49,"column":8},"end":{"line":49,"column":39}},"24":{"start":{"line":52,"column":4},"end":{"line":79,"column":6}},"25":{"start":{"line":66,"column":38},"end":{"line":66,"column":47}},"26":{"start":{"line":68,"column":20},"end":{"line":74,"column":39}},"27":{"start":{"line":68,"column":53},"end":{"line":68,"column":71}},"28":{"start":{"line":76,"column":46},"end":{"line":76,"column":79}},"29":{"start":{"line":82,"column":15},"end":{"line":139,"column":2}}},"fnMap":{"0":{"name":"(anonymous_0)","decl":{"start":{"line":11,"column":74},"end":{"line":11,"column":75}},"loc":{"start":{"line":11,"column":92},"end":{"line":80,"column":1}},"line":11},"1":{"name":"(anonymous_1)","decl":{"start":{"line":19,"column":14},"end":{"line":19,"column":15}},"loc":{"start":{"line":19,"column":20},"end":{"line":36,"column":5}},"line":19},"2":{"name":"(anonymous_2)","decl":{"start":{"line":20,"column":31},"end":{"line":20,"column":32}},"loc":{"start":{"line":20,"column":43},"end":{"line":33,"column":9}},"line":20},"3":{"name":"(anonymous_3)","decl":{"start":{"line":38,"column":47},"end":{"line":38,"column":48}},"loc":{"start":{"line":39,"column":8},"end":{"line":39,"column":65}},"line":39},"4":{"name":"(anonymous_4)","decl":{"start":{"line":42,"column":25},"end":{"line":42,"column":26}},"loc":{"start":{"line":42,"column":47},"end":{"line":46,"column":5}},"line":42},"5":{"name":"(anonymous_5)","decl":{"start":{"line":66,"column":30},"end":{"line":66,"column":31}},"loc":{"start":{"line":66,"column":38},"end":{"line":66,"column":47}},"line":66},"6":{"name":"(anonymous_6)","decl":{"start":{"line":67,"column":28},"end":{"line":67,"column":29}},"loc":{"start":{"line":68,"column":20},"end":{"line":74,"column":39}},"line":68},"7":{"name":"(anonymous_7)","decl":{"start":{"line":68,"column":47},"end":{"line":68,"column":48}},"loc":{"start":{"line":68,"column":53},"end":{"line":68,"column":71}},"line":68},"8":{"name":"(anonymous_8)","decl":{"start":{"line":76,"column":40},"end":{"line":76,"column":41}},"loc":{"start":{"line":76,"column":46},"end":{"line":76,"column":79}},"line":76}},"branchMap":{"0":{"loc":{"start":{"line":23,"column":16},"end":{"line":27,"column":17}},"type":"if","locations":[{"start":{"line":23,"column":16},"end":{"line":27,"column":17}},{"start":{"line":25,"column":23},"end":{"line":27,"column":17}}],"line":23},"1":{"loc":{"start":{"line":48,"column":4},"end":{"line":50,"column":5}},"type":"if","locations":[{"start":{"line":48,"column":4},"end":{"line":50,"column":5}},{"start":{},"end":{}}],"line":48},"2":{"loc":{"start":{"line":72,"column":56},"end":{"line":72,"column":117}},"type":"binary-expr","locations":[{"start":{"line":72,"column":56},"end":{"line":72,"column":87}},{"start":{"line":72,"column":91},"end":{"line":72,"column":117}}],"line":72}},"s":{"0":1,"1":5,"2":5,"3":5,"4":5,"5":5,"6":5,"7":1,"8":1,"9":1,"10":1,"11":1,"12":0,"13":0,"14":1,"15":1,"16":5,"17":12,"18":5,"19":1,"20":1,"21":1,"22":5,"23":2,"24":3,"25":7,"26":5,"27":1,"28":2,"29":1},"f":{"0":5,"1":1,"2":1,"3":12,"4":1,"5":7,"6":5,"7":1,"8":2},"b":{"0":[1,0],"1":[2,3],"2":[5,1]},"_coverageSchema":"1a1c01bbd47fc00a2c39e90264f33305004495a9","hash":"c8d84402e85d0214e8305830bbbee53605bac017"}
,"D:\\DevProjects\\AccountRegistration\\AccountRegistration\\src\\components\\CountrySelectionModal.tsx": {"path":"D:\\DevProjects\\AccountRegistration\\AccountRegistration\\src\\components\\CountrySelectionModal.tsx","statementMap":{"0":{"start":{"line":13,"column":50},"end":{"line":38,"column":1}},"1":{"start":{"line":14,"column":2},"end":{"line":16,"column":9}},"2":{"start":{"line":15,"column":4},"end":{"line":15,"column":44}},"3":{"start":{"line":18,"column":2},"end":{"line":37,"column":4}},"4":{"start":{"line":40,"column":15},"end":{"line":71,"column":2}}},"fnMap":{"0":{"name":"(anonymous_0)","decl":{"start":{"line":13,"column":50},"end":{"line":13,"column":51}},"loc":{"start":{"line":13,"column":87},"end":{"line":38,"column":1}},"line":13},"1":{"name":"(anonymous_1)","decl":{"start":{"line":14,"column":12},"end":{"line":14,"column":13}},"loc":{"start":{"line":14,"column":18},"end":{"line":16,"column":3}},"line":14}},"branchMap":{},"s":{"0":1,"1":3,"2":3,"3":3,"4":1},"f":{"0":3,"1":3},"b":{},"_coverageSchema":"1a1c01bbd47fc00a2c39e90264f33305004495a9","hash":"cd7c0add4354ef5e4fc61718f1ff2505ec67eecd"}
,"D:\\DevProjects\\AccountRegistration\\AccountRegistration\\src\\components\\FormInput.tsx": {"path":"D:\\DevProjects\\AccountRegistration\\AccountRegistration\\src\\components\\FormInput.tsx","statementMap":{"0":{"start":{"line":14,"column":51},"end":{"line":40,"column":1}},"1":{"start":{"line":22,"column":2},"end":{"line":39,"column":4}},"2":{"start":{"line":30,"column":8},"end":{"line":30,"column":53}},"3":{"start":{"line":31,"column":8},"end":{"line":33,"column":9}},"4":{"start":{"line":32,"column":10},"end":{"line":32,"column":29}},"5":{"start":{"line":42,"column":15},"end":{"line":66,"column":2}}},"fnMap":{"0":{"name":"(anonymous_0)","decl":{"start":{"line":14,"column":51},"end":{"line":14,"column":52}},"loc":{"start":{"line":21,"column":6},"end":{"line":40,"column":1}},"line":21},"1":{"name":"(anonymous_1)","decl":{"start":{"line":29,"column":21},"end":{"line":29,"column":22}},"loc":{"start":{"line":29,"column":31},"end":{"line":34,"column":7}},"line":29}},"branchMap":{"0":{"loc":{"start":{"line":19,"column":2},"end":{"line":19,"column":25}},"type":"default-arg","locations":[{"start":{"line":19,"column":20},"end":{"line":19,"column":25}}],"line":19},"1":{"loc":{"start":{"line":20,"column":2},"end":{"line":20,"column":17}},"type":"default-arg","locations":[{"start":{"line":20,"column":13},"end":{"line":20,"column":17}}],"line":20},"2":{"loc":{"start":{"line":31,"column":8},"end":{"line":33,"column":9}},"type":"if","locations":[{"start":{"line":31,"column":8},"end":{"line":33,"column":9}},{"start":{},"end":{}}],"line":31}},"s":{"0":1,"1":2,"2":1,"3":1,"4":1,"5":1},"f":{"0":2,"1":1},"b":{"0":[2],"1":[2],"2":[1,0]},"_coverageSchema":"1a1c01bbd47fc00a2c39e90264f33305004495a9","hash":"a875b9497c05628d1759a01ff16d36bf5e9b5c0b"}
,"D:\\DevProjects\\AccountRegistration\\AccountRegistration\\src\\services\\CountryService.ts": {"path":"D:\\DevProjects\\AccountRegistration\\AccountRegistration\\src\\services\\CountryService.ts","statementMap":{"0":{"start":{"line":6,"column":33},"end":{"line":21,"column":3}},"1":{"start":{"line":25,"column":4},"end":{"line":25,"column":43}},"2":{"start":{"line":30,"column":20},"end":{"line":30,"column":69}},"3":{"start":{"line":30,"column":51},"end":{"line":30,"column":68}},"4":{"start":{"line":31,"column":4},"end":{"line":31,"column":36}}},"fnMap":{"0":{"name":"(anonymous_0)","decl":{"start":{"line":24,"column":2},"end":{"line":24,"column":3}},"loc":{"start":{"line":24,"column":37},"end":{"line":26,"column":3}},"line":24},"1":{"name":"(anonymous_1)","decl":{"start":{"line":29,"column":2},"end":{"line":29,"column":3}},"loc":{"start":{"line":29,"column":59},"end":{"line":32,"column":3}},"line":29},"2":{"name":"(anonymous_2)","decl":{"start":{"line":30,"column":40},"end":{"line":30,"column":41}},"loc":{"start":{"line":30,"column":51},"end":{"line":30,"column":68}},"line":30}},"branchMap":{},"s":{"0":3,"1":1,"2":2,"3":13,"4":2},"f":{"0":1,"1":2,"2":13},"b":{},"_coverageSchema":"1a1c01bbd47fc00a2c39e90264f33305004495a9","hash":"6c35116af30ce1b7878f78a3524ddc9b4cff4daf"}
,"D:\\DevProjects\\AccountRegistration\\AccountRegistration\\src\\services\\OTPService.ts": {"path":"D:\\DevProjects\\AccountRegistration\\AccountRegistration\\src\\services\\OTPService.ts","statementMap":{"0":{"start":{"line":6,"column":4},"end":{"line":6,"column":63}},"1":{"start":{"line":6,"column":36},"end":{"line":6,"column":61}},"2":{"start":{"line":10,"column":4},"end":{"line":12,"column":7}},"3":{"start":{"line":11,"column":6},"end":{"line":11,"column":58}},"4":{"start":{"line":11,"column":23},"end":{"line":11,"column":50}}},"fnMap":{"0":{"name":"(anonymous_0)","decl":{"start":{"line":5,"column":2},"end":{"line":5,"column":3}},"loc":{"start":{"line":5,"column":40},"end":{"line":7,"column":3}},"line":5},"1":{"name":"(anonymous_1)","decl":{"start":{"line":6,"column":23},"end":{"line":6,"column":24}},"loc":{"start":{"line":6,"column":36},"end":{"line":6,"column":61}},"line":6},"2":{"name":"(anonymous_2)","decl":{"start":{"line":9,"column":2},"end":{"line":9,"column":3}},"loc":{"start":{"line":9,"column":47},"end":{"line":13,"column":3}},"line":9},"3":{"name":"(anonymous_3)","decl":{"start":{"line":10,"column":23},"end":{"line":10,"column":24}},"loc":{"start":{"line":10,"column":36},"end":{"line":12,"column":5}},"line":10},"4":{"name":"(anonymous_4)","decl":{"start":{"line":11,"column":17},"end":{"line":11,"column":18}},"loc":{"start":{"line":11,"column":23},"end":{"line":11,"column":50}},"line":11}},"branchMap":{},"s":{"0":1,"1":1,"2":3,"3":3,"4":3},"f":{"0":1,"1":1,"2":3,"3":3,"4":3},"b":{},"_coverageSchema":"1a1c01bbd47fc00a2c39e90264f33305004495a9","hash":"60db9205c6998640214e74103212fcfda73248b8"}
,"D:\\DevProjects\\AccountRegistration\\AccountRegistration\\src\\styles\\styles.ts": {"path":"D:\\DevProjects\\AccountRegistration\\AccountRegistration\\src\\styles\\styles.ts","statementMap":{"0":{"start":{"line":4,"column":25},"end":{"line":74,"column":2}}},"fnMap":{},"branchMap":{},"s":{"0":2},"f":{},"b":{},"_coverageSchema":"1a1c01bbd47fc00a2c39e90264f33305004495a9","hash":"2403db9f2f2a5542adac230dcabfab8850d4bbd5"}
}
