TN:
SF:assets\country.png
FNF:0
FNH:0
DA:1,1
LF:1
LH:1
BRF:0
BRH:0
end_of_record
TN:
SF:assets\flags\afghanistan.png
FNF:0
FNH:0
DA:1,2
LF:1
LH:1
BRF:0
BRH:0
end_of_record
TN:
SF:assets\flags\argentina.png
FNF:0
FNH:0
DA:1,2
LF:1
LH:1
BRF:0
BRH:0
end_of_record
TN:
SF:assets\flags\denmark.png
FNF:0
FNH:0
DA:1,1
LF:1
LH:1
BRF:0
BRH:0
end_of_record
TN:
SF:assets\flags\germany.png
FNF:0
FNH:0
DA:1,1
LF:1
LH:1
BRF:0
BRH:0
end_of_record
TN:
SF:assets\flags\india.png
FNF:0
FNH:0
DA:1,1
LF:1
LH:1
BRF:0
BRH:0
end_of_record
TN:
SF:assets\flags\italy.png
FNF:0
FNH:0
DA:1,1
LF:1
LH:1
BRF:0
BRH:0
end_of_record
TN:
SF:assets\flags\jordan.png
FNF:0
FNH:0
DA:1,1
LF:1
LH:1
BRF:0
BRH:0
end_of_record
TN:
SF:assets\flags\malaysia.png
FNF:0
FNH:0
DA:1,1
LF:1
LH:1
BRF:0
BRH:0
end_of_record
TN:
SF:assets\flags\pakistan.png
FNF:0
FNH:0
DA:1,1
LF:1
LH:1
BRF:0
BRH:0
end_of_record
TN:
SF:assets\flags\srilanka.png
FNF:0
FNH:0
DA:1,1
LF:1
LH:1
BRF:0
BRH:0
end_of_record
TN:
SF:assets\flags\switzerland.png
FNF:0
FNH:0
DA:1,1
LF:1
LH:1
BRF:0
BRH:0
end_of_record
TN:
SF:assets\flags\us.png
FNF:0
FNH:0
DA:1,3
LF:1
LH:1
BRF:0
BRH:0
end_of_record
TN:
SF:src\components\CountrySelect.tsx
FN:11,(anonymous_0)
FN:19,(anonymous_1)
FN:20,(anonymous_2)
FN:38,(anonymous_3)
FN:42,(anonymous_4)
FN:66,(anonymous_5)
FN:67,(anonymous_6)
FN:68,(anonymous_7)
FN:76,(anonymous_8)
FNF:9
FNH:9
FNDA:5,(anonymous_0)
FNDA:1,(anonymous_1)
FNDA:1,(anonymous_2)
FNDA:12,(anonymous_3)
FNDA:1,(anonymous_4)
FNDA:7,(anonymous_5)
FNDA:5,(anonymous_6)
FNDA:1,(anonymous_7)
FNDA:2,(anonymous_8)
DA:11,1
DA:12,5
DA:13,5
DA:14,5
DA:15,5
DA:17,5
DA:19,5
DA:20,1
DA:21,1
DA:22,1
DA:23,1
DA:24,1
DA:26,0
DA:29,0
DA:31,1
DA:35,1
DA:38,5
DA:39,12
DA:42,5
DA:43,1
DA:44,1
DA:45,1
DA:48,5
DA:49,2
DA:52,3
DA:66,7
DA:68,5
DA:76,2
DA:82,1
LF:29
LH:27
BRDA:23,0,0,1
BRDA:23,0,1,0
BRDA:48,1,0,2
BRDA:48,1,1,3
BRDA:72,2,0,5
BRDA:72,2,1,1
BRF:6
BRH:5
end_of_record
TN:
SF:src\components\CountrySelectionModal.tsx
FN:13,(anonymous_0)
FN:14,(anonymous_1)
FNF:2
FNH:2
FNDA:3,(anonymous_0)
FNDA:3,(anonymous_1)
DA:13,1
DA:14,3
DA:15,3
DA:18,3
DA:40,1
LF:5
LH:5
BRF:0
BRH:0
end_of_record
TN:
SF:src\components\FormInput.tsx
FN:14,(anonymous_0)
FN:29,(anonymous_1)
FNF:2
FNH:2
FNDA:2,(anonymous_0)
FNDA:1,(anonymous_1)
DA:14,1
DA:22,2
DA:30,1
DA:31,1
DA:32,1
DA:42,1
LF:6
LH:6
BRDA:19,0,0,2
BRDA:20,1,0,2
BRDA:31,2,0,1
BRDA:31,2,1,0
BRF:4
BRH:3
end_of_record
TN:
SF:src\services\CountryService.ts
FN:24,(anonymous_0)
FN:29,(anonymous_1)
FN:30,(anonymous_2)
FNF:3
FNH:3
FNDA:1,(anonymous_0)
FNDA:2,(anonymous_1)
FNDA:13,(anonymous_2)
DA:6,3
DA:25,1
DA:30,13
DA:31,2
LF:4
LH:4
BRF:0
BRH:0
end_of_record
TN:
SF:src\services\OTPService.ts
FN:5,(anonymous_0)
FN:6,(anonymous_1)
FN:9,(anonymous_2)
FN:10,(anonymous_3)
FN:11,(anonymous_4)
FNF:5
FNH:5
FNDA:1,(anonymous_0)
FNDA:1,(anonymous_1)
FNDA:3,(anonymous_2)
FNDA:3,(anonymous_3)
FNDA:3,(anonymous_4)
DA:6,1
DA:10,3
DA:11,3
LF:3
LH:3
BRF:0
BRH:0
end_of_record
TN:
SF:src\styles\styles.ts
FNF:0
FNH:0
DA:4,2
LF:1
LH:1
BRF:0
BRH:0
end_of_record
